=== AOMT Pipeline (Direct Execution) ===
  AOMT_ROOT: /scratch/e1507650/AnyOrderTraining/aomt
  GPUs detected: 3
  Date: Mon Mar 16 12:31:04 PM +08 2026

  Resuming from step 2
[SKIP] Step 0: Model Preparation
[SKIP] Step 1: Data Preparation

========================================================
[Step 2] Training: Standard SFT (3 epochs)
  Started: Mon Mar 16 12:31:04 PM +08 2026
========================================================
[INFO|/scratch/e1507650/AnyOrderTraining/aomt/dFactory/VeOmni/veomni/ops/__init__.py:50] 03/16/2026 12:31:33 >> ✅ VeOmni ops patch applied.
[INFO|/scratch/e1507650/AnyOrderTraining/aomt/dFactory/VeOmni/veomni/__init__.py:25] 03/16/2026 12:31:33 >> 
========== Environment Variables ==========
MODELING_BACKEND=veomni (source=default)
USE_GROUP_GEMM=1 (source=default)
VEOMNI_USE_LIGER_KERNEL=1 (source=default)
===========================================
[INFO|/scratch/e1507650/AnyOrderTraining/aomt/dFactory/VeOmni/veomni/__init__.py:26] 03/16/2026 12:31:33 >> 
=========== OPS ============
_fused_moe_forward = None
_flash_attention_forward = transformers_flash_attention_forward
_cross_entropy = eager_cross_entropy
==============================
Traceback (most recent call last):
  File "/scratch/e1507650/AnyOrderTraining/aomt/tasks/train_standard_sft.py", line 24, in <module>
Traceback (most recent call last):
  File "/scratch/e1507650/AnyOrderTraining/aomt/tasks/train_standard_sft.py", line 24, in <module>
Traceback (most recent call last):
  File "/scratch/e1507650/AnyOrderTraining/aomt/tasks/train_standard_sft.py", line 24, in <module>
    from veomni.models.registry import ModelRegistry
    from veomni.models.registry import ModelRegistry
ModuleNotFoundErrorModuleNotFoundError: No module named 'veomni.models.registry': 
No module named 'veomni.models.registry'
    from veomni.models.registry import ModelRegistry
ModuleNotFoundError: No module named 'veomni.models.registry'
E0316 12:31:36.782000 839439 site-packages/torch/distributed/elastic/multiprocessing/api.py:984] failed (exitcode: 1) local_rank: 0 (pid: 839696) of binary: /scratch/e1507650/conda/envs/aomt/bin/python3.11
Traceback (most recent call last):
  File "/scratch/e1507650/conda/envs/aomt/bin/torchrun", line 6, in <module>
    sys.exit(main())
             ^^^^^^
  File "/scratch/e1507650/conda/envs/aomt/lib/python3.11/site-packages/torch/distributed/elastic/multiprocessing/errors/__init__.py", line 362, in wrapper
    return f(*args, **kwargs)
           ^^^^^^^^^^^^^^^^^^
  File "/scratch/e1507650/conda/envs/aomt/lib/python3.11/site-packages/torch/distributed/run.py", line 991, in main
    run(args)
  File "/scratch/e1507650/conda/envs/aomt/lib/python3.11/site-packages/torch/distributed/run.py", line 982, in run
    elastic_launch(
  File "/scratch/e1507650/conda/envs/aomt/lib/python3.11/site-packages/torch/distributed/launcher/api.py", line 170, in __call__
    return launch_agent(self._config, self._entrypoint, list(args))
           ^^^^^^^^^^^^^^^^^^^^^^^^^^^^^^^^^^^^^^^^^^^^^^^^^^^^^^^^
  File "/scratch/e1507650/conda/envs/aomt/lib/python3.11/site-packages/torch/distributed/launcher/api.py", line 317, in launch_agent
    raise ChildFailedError(
torch.distributed.elastic.multiprocessing.errors.ChildFailedError: 
============================================================
tasks/train_standard_sft.py FAILED
------------------------------------------------------------
Failures:
[1]:
  time      : 2026-03-16_12:31:36
  host      : hopper-24.cm.cluster
  rank      : 1 (local_rank: 1)
  exitcode  : 1 (pid: 839697)
  error_file: <N/A>
  traceback : To enable traceback see: https://pytorch.org/docs/stable/elastic/errors.html
[2]:
  time      : 2026-03-16_12:31:36
  host      : hopper-24.cm.cluster
  rank      : 2 (local_rank: 2)
  exitcode  : 1 (pid: 839698)
  error_file: <N/A>
  traceback : To enable traceback see: https://pytorch.org/docs/stable/elastic/errors.html
------------------------------------------------------------
Root Cause (first observed failure):
[0]:
  time      : 2026-03-16_12:31:36
  host      : hopper-24.cm.cluster
  rank      : 0 (local_rank: 0)
  exitcode  : 1 (pid: 839696)
  error_file: <N/A>
  traceback : To enable traceback see: https://pytorch.org/docs/stable/elastic/errors.html
============================================================
=== AOMT Pipeline (Direct Execution) ===
  AOMT_ROOT: /scratch/e1507650/AnyOrderTraining/aomt
  GPUs detected: 3
  Date: Mon Mar 16 12:35:54 PM +08 2026

  Resuming from step 2
[SKIP] Step 0: Model Preparation
[SKIP] Step 1: Data Preparation

========================================================
[Step 2] Training: Standard SFT (3 epochs)
  Started: Mon Mar 16 12:35:54 PM +08 2026
========================================================
[INFO|/scratch/e1507650/AnyOrderTraining/aomt/dFactory/VeOmni/veomni/ops/__init__.py:50] 03/16/2026 12:36:26 >> ✅ VeOmni ops patch applied.
[INFO|/scratch/e1507650/AnyOrderTraining/aomt/dFactory/VeOmni/veomni/__init__.py:25] 03/16/2026 12:36:26 >> 
========== Environment Variables ==========
MODELING_BACKEND=veomni (source=default)
USE_GROUP_GEMM=1 (source=default)
VEOMNI_USE_LIGER_KERNEL=1 (source=default)
===========================================
[INFO|/scratch/e1507650/AnyOrderTraining/aomt/dFactory/VeOmni/veomni/__init__.py:26] 03/16/2026 12:36:26 >> 
=========== OPS ============
_fused_moe_forward = None
_flash_attention_forward = transformers_flash_attention_forward
_cross_entropy = eager_cross_entropy
==============================
[INFO|/scratch/e1507650/AnyOrderTraining/aomt/dFactory/VeOmni/veomni/distributed/parallel_state.py:518] 03/16/2026 12:36:28 >> Initializing parallel state: dp_size 3, dp_replicate_size 1, dp_shard_size 3,tp_size 1, pp_size 1, cp_size 1, ulysses_size 1, ep_size 1
[INFO|/scratch/e1507650/AnyOrderTraining/aomt/dFactory/VeOmni/veomni/distributed/parallel_state.py:603] 03/16/2026 12:36:29 >> Device mesh: DeviceMesh((dp_shard=3), 'cuda', stride=(1,))
[INFO|/scratch/e1507650/AnyOrderTraining/aomt/dFactory/VeOmni/veomni/distributed/parallel_state.py:605] 03/16/2026 12:36:29 >> ep FSDP device mesh: None
[INFO|/scratch/e1507650/AnyOrderTraining/aomt/dFactory/VeOmni/veomni/models/loader.py:65] 03/16/2026 12:36:32 >> [CONFIG] Force loading model config from Huggingface.
[WARNING|/scratch/e1507650/AnyOrderTraining/aomt/dFactory/VeOmni/veomni/models/auto.py:152] 03/16/2026 12:36:39 >> building foundation model with attn_implementation: sdpa.. you are missing sequence parallelism support. Please use veomni_flash_attention_2_with_sp or veomni_flash_attention_3_with_sp for SP.
[INFO|/scratch/e1507650/AnyOrderTraining/aomt/dFactory/VeOmni/veomni/models/loader.py:179] 03/16/2026 12:36:39 >> Loading model from Huggingface modeling.
init_device: cuda
empty_init: False
weights_path: ./weights/llada2-mini-merged
The repository ./weights/llada2-mini-merged contains custom code which must be executed to correctly load the model. You can inspect the repository content at /scratch/e1507650/AnyOrderTraining/aomt/weights/llada2-mini-merged .
 You can inspect the repository content at https://hf.co/./weights/llada2-mini-merged.
You can avoid this prompt in future by passing the argument `trust_remote_code=True`.

Do you wish to run the custom code? [y/N] The repository ./weights/llada2-mini-merged contains custom code which must be executed to correctly load the model. You can inspect the repository content at /scratch/e1507650/AnyOrderTraining/aomt/weights/llada2-mini-merged .
 You can inspect the repository content at https://hf.co/./weights/llada2-mini-merged.
You can avoid this prompt in future by passing the argument `trust_remote_code=True`.

Do you wish to run the custom code? [y/N] The repository ./weights/llada2-mini-merged contains custom code which must be executed to correctly load the model. You can inspect the repository content at /scratch/e1507650/AnyOrderTraining/aomt/weights/llada2-mini-merged .
 You can inspect the repository content at https://hf.co/./weights/llada2-mini-merged.
You can avoid this prompt in future by passing the argument `trust_remote_code=True`.

Do you wish to run the custom code? [y/N] [rank0]: Traceback (most recent call last):
[rank0]:   File "/scratch/e1507650/conda/envs/aomt/lib/python3.11/site-packages/transformers/dynamic_module_utils.py", line 724, in resolve_trust_remote_code
[rank0]:     answer = input(
[rank0]:              ^^^^^^
[rank0]:   File "/scratch/e1507650/conda/envs/aomt/lib/python3.11/site-packages/transformers/dynamic_module_utils.py", line 663, in _raise_timeout_error
[rank0]:     raise ValueError(
[rank0]: ValueError: Loading this model requires you to execute custom code contained in the model repository on your local machine. Please set the option `trust_remote_code=True` to permit loading of this model.

[rank0]: During handling of the above exception, another exception occurred:

[rank0]: Traceback (most recent call last):
[rank0]:   File "/scratch/e1507650/AnyOrderTraining/aomt/tasks/train_standard_sft.py", line 173, in <module>
[rank0]:     if __name__ == "__main__": main()
[rank0]:                                ^^^^^^
[rank0]:   File "/scratch/e1507650/AnyOrderTraining/aomt/tasks/train_standard_sft.py", line 105, in main
[rank0]:     model = build_foundation_model(weights_path=config["model"]["model_path"],
[rank0]:             ^^^^^^^^^^^^^^^^^^^^^^^^^^^^^^^^^^^^^^^^^^^^^^^^^^^^^^^^^^^^^^^^^^
[rank0]:   File "/scratch/e1507650/AnyOrderTraining/aomt/dFactory/VeOmni/veomni/models/auto.py", line 161, in build_foundation_model
[rank0]:     model = loader.load_model(
[rank0]:             ^^^^^^^^^^^^^^^^^^
[rank0]:   File "/scratch/e1507650/AnyOrderTraining/aomt/dFactory/VeOmni/veomni/models/loader.py", line 197, in load_model
[rank0]:     model = self.model_cls.from_config(**init_kwargs)
[rank0]:             ^^^^^^^^^^^^^^^^^^^^^^^^^^^^^^^^^^^^^^^^^
[rank0]:   File "/scratch/e1507650/conda/envs/aomt/lib/python3.11/site-packages/transformers/models/auto/auto_factory.py", line 217, in from_config
[rank0]:     trust_remote_code = resolve_trust_remote_code(
[rank0]:                         ^^^^^^^^^^^^^^^^^^^^^^^^^^
[rank0]:   File "/scratch/e1507650/conda/envs/aomt/lib/python3.11/site-packages/transformers/dynamic_module_utils.py", line 736, in resolve_trust_remote_code
[rank0]:     raise ValueError(
[rank0]: ValueError: The repository ./weights/llada2-mini-merged contains custom code which must be executed to correctly load the model. You can inspect the repository content at /scratch/e1507650/AnyOrderTraining/aomt/weights/llada2-mini-merged .
[rank0]:  You can inspect the repository content at https://hf.co/./weights/llada2-mini-merged.
[rank0]: Please pass the argument `trust_remote_code=True` to allow custom code to be run.
[rank2]: Traceback (most recent call last):
[rank2]:   File "/scratch/e1507650/conda/envs/aomt/lib/python3.11/site-packages/transformers/dynamic_module_utils.py", line 724, in resolve_trust_remote_code
[rank2]:     answer = input(
[rank2]:              ^^^^^^
[rank2]:   File "/scratch/e1507650/conda/envs/aomt/lib/python3.11/site-packages/transformers/dynamic_module_utils.py", line 663, in _raise_timeout_error
[rank2]:     raise ValueError(
[rank2]: ValueError: Loading this model requires you to execute custom code contained in the model repository on your local machine. Please set the option `trust_remote_code=True` to permit loading of this model.

[rank2]: During handling of the above exception, another exception occurred:

[rank2]: Traceback (most recent call last):
[rank2]:   File "/scratch/e1507650/AnyOrderTraining/aomt/tasks/train_standard_sft.py", line 173, in <module>
[rank2]:     if __name__ == "__main__": main()
[rank2]:                                ^^^^^^
[rank2]:   File "/scratch/e1507650/AnyOrderTraining/aomt/tasks/train_standard_sft.py", line 105, in main
[rank2]:     model = build_foundation_model(weights_path=config["model"]["model_path"],
[rank2]:             ^^^^^^^^^^^^^^^^^^^^^^^^^^^^^^^^^^^^^^^^^^^^^^^^^^^^^^^^^^^^^^^^^^
[rank2]:   File "/scratch/e1507650/AnyOrderTraining/aomt/dFactory/VeOmni/veomni/models/auto.py", line 161, in build_foundation_model
[rank2]:     model = loader.load_model(
[rank2]:             ^^^^^^^^^^^^^^^^^^
[rank2]:   File "/scratch/e1507650/AnyOrderTraining/aomt/dFactory/VeOmni/veomni/models/loader.py", line 197, in load_model
[rank2]:     model = self.model_cls.from_config(**init_kwargs)
[rank2]:             ^^^^^^^^^^^^^^^^^^^^^^^^^^^^^^^^^^^^^^^^^
[rank2]:   File "/scratch/e1507650/conda/envs/aomt/lib/python3.11/site-packages/transformers/models/auto/auto_factory.py", line 217, in from_config
[rank2]:     trust_remote_code = resolve_trust_remote_code(
[rank2]:                         ^^^^^^^^^^^^^^^^^^^^^^^^^^
[rank2]:   File "/scratch/e1507650/conda/envs/aomt/lib/python3.11/site-packages/transformers/dynamic_module_utils.py", line 736, in resolve_trust_remote_code
[rank2]:     raise ValueError(
[rank2]: ValueError: The repository ./weights/llada2-mini-merged contains custom code which must be executed to correctly load the model. You can inspect the repository content at /scratch/e1507650/AnyOrderTraining/aomt/weights/llada2-mini-merged .
[rank2]:  You can inspect the repository content at https://hf.co/./weights/llada2-mini-merged.
[rank2]: Please pass the argument `trust_remote_code=True` to allow custom code to be run.
[rank1]: Traceback (most recent call last):
[rank1]:   File "/scratch/e1507650/conda/envs/aomt/lib/python3.11/site-packages/transformers/dynamic_module_utils.py", line 724, in resolve_trust_remote_code
[rank1]:     answer = input(
[rank1]:              ^^^^^^
[rank1]:   File "/scratch/e1507650/conda/envs/aomt/lib/python3.11/site-packages/transformers/dynamic_module_utils.py", line 663, in _raise_timeout_error
[rank1]:     raise ValueError(
[rank1]: ValueError: Loading this model requires you to execute custom code contained in the model repository on your local machine. Please set the option `trust_remote_code=True` to permit loading of this model.

[rank1]: During handling of the above exception, another exception occurred:

[rank1]: Traceback (most recent call last):
[rank1]:   File "/scratch/e1507650/AnyOrderTraining/aomt/tasks/train_standard_sft.py", line 173, in <module>
[rank1]:     if __name__ == "__main__": main()
[rank1]:                                ^^^^^^
[rank1]:   File "/scratch/e1507650/AnyOrderTraining/aomt/tasks/train_standard_sft.py", line 105, in main
[rank1]:     model = build_foundation_model(weights_path=config["model"]["model_path"],
[rank1]:             ^^^^^^^^^^^^^^^^^^^^^^^^^^^^^^^^^^^^^^^^^^^^^^^^^^^^^^^^^^^^^^^^^^
[rank1]:   File "/scratch/e1507650/AnyOrderTraining/aomt/dFactory/VeOmni/veomni/models/auto.py", line 161, in build_foundation_model
[rank1]:     model = loader.load_model(
[rank1]:             ^^^^^^^^^^^^^^^^^^
[rank1]:   File "/scratch/e1507650/AnyOrderTraining/aomt/dFactory/VeOmni/veomni/models/loader.py", line 197, in load_model
[rank1]:     model = self.model_cls.from_config(**init_kwargs)
[rank1]:             ^^^^^^^^^^^^^^^^^^^^^^^^^^^^^^^^^^^^^^^^^
[rank1]:   File "/scratch/e1507650/conda/envs/aomt/lib/python3.11/site-packages/transformers/models/auto/auto_factory.py", line 217, in from_config
[rank1]:     trust_remote_code = resolve_trust_remote_code(
[rank1]:                         ^^^^^^^^^^^^^^^^^^^^^^^^^^
[rank1]:   File "/scratch/e1507650/conda/envs/aomt/lib/python3.11/site-packages/transformers/dynamic_module_utils.py", line 736, in resolve_trust_remote_code
[rank1]:     raise ValueError(
[rank1]: ValueError: The repository ./weights/llada2-mini-merged contains custom code which must be executed to correctly load the model. You can inspect the repository content at /scratch/e1507650/AnyOrderTraining/aomt/weights/llada2-mini-merged .
[rank1]:  You can inspect the repository content at https://hf.co/./weights/llada2-mini-merged.
[rank1]: Please pass the argument `trust_remote_code=True` to allow custom code to be run.
[rank0]:[W316 12:36:54.218583697 ProcessGroupNCCL.cpp:1553] Warning: WARNING: destroy_process_group() was not called before program exit, which can leak resources. For more info, please see https://pytorch.org/docs/stable/distributed.html#shutdown (function operator())
W0316 12:36:56.496000 844837 site-packages/torch/distributed/elastic/multiprocessing/api.py:1010] Sending process 845201 closing signal SIGTERM
E0316 12:36:56.714000 844837 site-packages/torch/distributed/elastic/multiprocessing/api.py:984] failed (exitcode: 1) local_rank: 0 (pid: 845200) of binary: /scratch/e1507650/conda/envs/aomt/bin/python3.11
Traceback (most recent call last):
  File "/scratch/e1507650/conda/envs/aomt/bin/torchrun", line 6, in <module>
    sys.exit(main())
             ^^^^^^
  File "/scratch/e1507650/conda/envs/aomt/lib/python3.11/site-packages/torch/distributed/elastic/multiprocessing/errors/__init__.py", line 362, in wrapper
    return f(*args, **kwargs)
           ^^^^^^^^^^^^^^^^^^
  File "/scratch/e1507650/conda/envs/aomt/lib/python3.11/site-packages/torch/distributed/run.py", line 991, in main
    run(args)
  File "/scratch/e1507650/conda/envs/aomt/lib/python3.11/site-packages/torch/distributed/run.py", line 982, in run
    elastic_launch(
  File "/scratch/e1507650/conda/envs/aomt/lib/python3.11/site-packages/torch/distributed/launcher/api.py", line 170, in __call__
    return launch_agent(self._config, self._entrypoint, list(args))
           ^^^^^^^^^^^^^^^^^^^^^^^^^^^^^^^^^^^^^^^^^^^^^^^^^^^^^^^^
  File "/scratch/e1507650/conda/envs/aomt/lib/python3.11/site-packages/torch/distributed/launcher/api.py", line 317, in launch_agent
    raise ChildFailedError(
torch.distributed.elastic.multiprocessing.errors.ChildFailedError: 
============================================================
tasks/train_standard_sft.py FAILED
------------------------------------------------------------
Failures:
[1]:
  time      : 2026-03-16_12:36:56
  host      : hopper-24.cm.cluster
  rank      : 2 (local_rank: 2)
  exitcode  : 1 (pid: 845202)
  error_file: <N/A>
  traceback : To enable traceback see: https://pytorch.org/docs/stable/elastic/errors.html
[2]:
  time      : 2026-03-16_12:36:56
  host      : hopper-24.cm.cluster
  rank      : 1 (local_rank: 1)
  exitcode  : 1 (pid: 845201)
  error_file: <N/A>
  traceback : To enable traceback see: https://pytorch.org/docs/stable/elastic/errors.html
------------------------------------------------------------
Root Cause (first observed failure):
[0]:
  time      : 2026-03-16_12:36:56
  host      : hopper-24.cm.cluster
  rank      : 0 (local_rank: 0)
  exitcode  : 1 (pid: 845200)
  error_file: <N/A>
  traceback : To enable traceback see: https://pytorch.org/docs/stable/elastic/errors.html
============================================================
=== AOMT Pipeline (Direct Execution) ===
  AOMT_ROOT: /scratch/e1507650/AnyOrderTraining/aomt
  GPUs detected: 3
  Date: Mon Mar 16 12:37:31 PM +08 2026

  Resuming from step 2
[SKIP] Step 0: Model Preparation
[SKIP] Step 1: Data Preparation

========================================================
[Step 2] Training: Standard SFT (3 epochs)
  Started: Mon Mar 16 12:37:31 PM +08 2026
========================================================
[INFO|/scratch/e1507650/AnyOrderTraining/aomt/dFactory/VeOmni/veomni/ops/__init__.py:50] 03/16/2026 12:38:05 >> ✅ VeOmni ops patch applied.
[INFO|/scratch/e1507650/AnyOrderTraining/aomt/dFactory/VeOmni/veomni/__init__.py:25] 03/16/2026 12:38:05 >> 
========== Environment Variables ==========
MODELING_BACKEND=veomni (source=default)
USE_GROUP_GEMM=1 (source=default)
VEOMNI_USE_LIGER_KERNEL=1 (source=default)
===========================================
[INFO|/scratch/e1507650/AnyOrderTraining/aomt/dFactory/VeOmni/veomni/__init__.py:26] 03/16/2026 12:38:05 >> 
=========== OPS ============
_fused_moe_forward = None
_flash_attention_forward = transformers_flash_attention_forward
_cross_entropy = eager_cross_entropy
==============================
[INFO|/scratch/e1507650/AnyOrderTraining/aomt/dFactory/VeOmni/veomni/distributed/parallel_state.py:518] 03/16/2026 12:38:07 >> Initializing parallel state: dp_size 3, dp_replicate_size 1, dp_shard_size 3,tp_size 1, pp_size 1, cp_size 1, ulysses_size 1, ep_size 1
[INFO|/scratch/e1507650/AnyOrderTraining/aomt/dFactory/VeOmni/veomni/distributed/parallel_state.py:603] 03/16/2026 12:38:07 >> Device mesh: DeviceMesh((dp_shard=3), 'cuda', stride=(1,))
[INFO|/scratch/e1507650/AnyOrderTraining/aomt/dFactory/VeOmni/veomni/distributed/parallel_state.py:605] 03/16/2026 12:38:07 >> ep FSDP device mesh: None
[INFO|/scratch/e1507650/AnyOrderTraining/aomt/dFactory/VeOmni/veomni/models/loader.py:65] 03/16/2026 12:38:11 >> [CONFIG] Force loading model config from Huggingface.
[WARNING|/scratch/e1507650/AnyOrderTraining/aomt/dFactory/VeOmni/veomni/models/auto.py:152] 03/16/2026 12:38:16 >> building foundation model with attn_implementation: sdpa.. you are missing sequence parallelism support. Please use veomni_flash_attention_2_with_sp or veomni_flash_attention_3_with_sp for SP.
[INFO|/scratch/e1507650/AnyOrderTraining/aomt/dFactory/VeOmni/veomni/models/loader.py:179] 03/16/2026 12:38:16 >> Loading model from Huggingface modeling.
init_device: cuda
empty_init: False
weights_path: ./weights/llada2-mini-merged
The repository ./weights/llada2-mini-merged contains custom code which must be executed to correctly load the model. You can inspect the repository content at /scratch/e1507650/AnyOrderTraining/aomt/weights/llada2-mini-merged .
 You can inspect the repository content at https://hf.co/./weights/llada2-mini-merged.
You can avoid this prompt in future by passing the argument `trust_remote_code=True`.

Do you wish to run the custom code? [y/N] The repository ./weights/llada2-mini-merged contains custom code which must be executed to correctly load the model. You can inspect the repository content at /scratch/e1507650/AnyOrderTraining/aomt/weights/llada2-mini-merged .
 You can inspect the repository content at https://hf.co/./weights/llada2-mini-merged.
You can avoid this prompt in future by passing the argument `trust_remote_code=True`.

Do you wish to run the custom code? [y/N] The repository ./weights/llada2-mini-merged contains custom code which must be executed to correctly load the model. You can inspect the repository content at /scratch/e1507650/AnyOrderTraining/aomt/weights/llada2-mini-merged .
 You can inspect the repository content at https://hf.co/./weights/llada2-mini-merged.
You can avoid this prompt in future by passing the argument `trust_remote_code=True`.

Do you wish to run the custom code? [y/N] [rank1]: Traceback (most recent call last):
[rank1]:   File "/scratch/e1507650/AnyOrderTraining/aomt/tasks/train_standard_sft.py", line 174, in <module>
[rank1]:     if __name__ == "__main__": main()
[rank1]:                                ^^^^^^
[rank1]:   File "/scratch/e1507650/AnyOrderTraining/aomt/tasks/train_standard_sft.py", line 106, in main
[rank1]:     model = build_foundation_model(weights_path=config["model"]["model_path"],
[rank1]:             ^^^^^^^^^^^^^^^^^^^^^^^^^^^^^^^^^^^^^^^^^^^^^^^^^^^^^^^^^^^^^^^^^^
[rank1]:   File "/scratch/e1507650/AnyOrderTraining/aomt/dFactory/VeOmni/veomni/models/auto.py", line 161, in build_foundation_model
[rank1]:     model = loader.load_model(
[rank1]:             ^^^^^^^^^^^^^^^^^^
[rank1]:   File "/scratch/e1507650/AnyOrderTraining/aomt/dFactory/VeOmni/veomni/models/loader.py", line 197, in load_model
[rank1]:     model = self.model_cls.from_config(**init_kwargs)
[rank1]:             ^^^^^^^^^^^^^^^^^^^^^^^^^^^^^^^^^^^^^^^^^
[rank1]:   File "/scratch/e1507650/conda/envs/aomt/lib/python3.11/site-packages/transformers/models/auto/auto_factory.py", line 226, in from_config
[rank1]:     model_class = get_class_from_dynamic_module(class_ref, repo_id, **kwargs)
[rank1]:                   ^^^^^^^^^^^^^^^^^^^^^^^^^^^^^^^^^^^^^^^^^^^^^^^^^^^^^^^^^^^
[rank1]:   File "/scratch/e1507650/conda/envs/aomt/lib/python3.11/site-packages/transformers/dynamic_module_utils.py", line 583, in get_class_from_dynamic_module
[rank1]:     return get_class_in_module(class_name, final_module, force_reload=force_download)
[rank1]:            ^^^^^^^^^^^^^^^^^^^^^^^^^^^^^^^^^^^^^^^^^^^^^^^^^^^^^^^^^^^^^^^^^^^^^^^^^^
[rank1]:   File "/scratch/e1507650/conda/envs/aomt/lib/python3.11/site-packages/transformers/dynamic_module_utils.py", line 309, in get_class_in_module
[rank1]:     module_spec.loader.exec_module(module)
[rank1]:   File "<frozen importlib._bootstrap_external>", line 940, in exec_module
[rank1]:   File "<frozen importlib._bootstrap>", line 241, in _call_with_frames_removed
[rank1]:   File "/scratch/e1507650/.cache/huggingface/modules/transformers_modules/llada2_hyphen_mini_hyphen_merged/modeling_llada2_moe.py", line 52, in <module>
[rank1]:     from transformers.utils.import_utils import is_torch_fx_available
[rank1]: ImportError: cannot import name 'is_torch_fx_available' from 'transformers.utils.import_utils' (/scratch/e1507650/conda/envs/aomt/lib/python3.11/site-packages/transformers/utils/import_utils.py)
W0316 12:38:22.807000 847276 site-packages/torch/distributed/elastic/multiprocessing/api.py:1010] Sending process 847558 closing signal SIGTERM
W0316 12:38:22.812000 847276 site-packages/torch/distributed/elastic/multiprocessing/api.py:1010] Sending process 847561 closing signal SIGTERM
E0316 12:38:23.778000 847276 site-packages/torch/distributed/elastic/multiprocessing/api.py:984] failed (exitcode: 1) local_rank: 1 (pid: 847559) of binary: /scratch/e1507650/conda/envs/aomt/bin/python3.11
Traceback (most recent call last):
  File "/scratch/e1507650/conda/envs/aomt/bin/torchrun", line 6, in <module>
    sys.exit(main())
             ^^^^^^
  File "/scratch/e1507650/conda/envs/aomt/lib/python3.11/site-packages/torch/distributed/elastic/multiprocessing/errors/__init__.py", line 362, in wrapper
    return f(*args, **kwargs)
           ^^^^^^^^^^^^^^^^^^
  File "/scratch/e1507650/conda/envs/aomt/lib/python3.11/site-packages/torch/distributed/run.py", line 991, in main
    run(args)
  File "/scratch/e1507650/conda/envs/aomt/lib/python3.11/site-packages/torch/distributed/run.py", line 982, in run
    elastic_launch(
  File "/scratch/e1507650/conda/envs/aomt/lib/python3.11/site-packages/torch/distributed/launcher/api.py", line 170, in __call__
    return launch_agent(self._config, self._entrypoint, list(args))
           ^^^^^^^^^^^^^^^^^^^^^^^^^^^^^^^^^^^^^^^^^^^^^^^^^^^^^^^^
  File "/scratch/e1507650/conda/envs/aomt/lib/python3.11/site-packages/torch/distributed/launcher/api.py", line 317, in launch_agent
    raise ChildFailedError(
torch.distributed.elastic.multiprocessing.errors.ChildFailedError: 
============================================================
tasks/train_standard_sft.py FAILED
------------------------------------------------------------
Failures:
[1]:
  time      : 2026-03-16_12:38:23
  host      : hopper-24.cm.cluster
  rank      : 0 (local_rank: 0)
  exitcode  : -15 (pid: 847558)
  error_file: <N/A>
  traceback : Signal 15 (SIGTERM) received by PID 847558
[2]:
  time      : 2026-03-16_12:38:23
  host      : hopper-24.cm.cluster
  rank      : 2 (local_rank: 2)
  exitcode  : -15 (pid: 847561)
  error_file: <N/A>
  traceback : Signal 15 (SIGTERM) received by PID 847561
------------------------------------------------------------
Root Cause (first observed failure):
[0]:
  time      : 2026-03-16_12:38:22
  host      : hopper-24.cm.cluster
  rank      : 1 (local_rank: 1)
  exitcode  : 1 (pid: 847559)
  error_file: <N/A>
  traceback : To enable traceback see: https://pytorch.org/docs/stable/elastic/errors.html
============================================================
=== AOMT Pipeline (Direct Execution) ===
  AOMT_ROOT: /scratch/e1507650/AnyOrderTraining/aomt
  GPUs detected: 3
  Date: Mon Mar 16 12:39:14 PM +08 2026

  Resuming from step 2
[SKIP] Step 0: Model Preparation
[SKIP] Step 1: Data Preparation

========================================================
[Step 2] Training: Standard SFT (3 epochs)
  Started: Mon Mar 16 12:39:14 PM +08 2026
========================================================
[INFO|/scratch/e1507650/AnyOrderTraining/aomt/dFactory/VeOmni/veomni/ops/__init__.py:50] 03/16/2026 12:39:48 >> ✅ VeOmni ops patch applied.
[INFO|/scratch/e1507650/AnyOrderTraining/aomt/dFactory/VeOmni/veomni/__init__.py:25] 03/16/2026 12:39:48 >> 
========== Environment Variables ==========
MODELING_BACKEND=veomni (source=default)
USE_GROUP_GEMM=1 (source=default)
VEOMNI_USE_LIGER_KERNEL=1 (source=default)
===========================================
[INFO|/scratch/e1507650/AnyOrderTraining/aomt/dFactory/VeOmni/veomni/__init__.py:26] 03/16/2026 12:39:48 >> 
=========== OPS ============
_fused_moe_forward = None
_flash_attention_forward = transformers_flash_attention_forward
_cross_entropy = eager_cross_entropy
==============================
[INFO|/scratch/e1507650/AnyOrderTraining/aomt/dFactory/VeOmni/veomni/distributed/parallel_state.py:518] 03/16/2026 12:39:50 >> Initializing parallel state: dp_size 3, dp_replicate_size 1, dp_shard_size 3,tp_size 1, pp_size 1, cp_size 1, ulysses_size 1, ep_size 1
[INFO|/scratch/e1507650/AnyOrderTraining/aomt/dFactory/VeOmni/veomni/distributed/parallel_state.py:603] 03/16/2026 12:39:51 >> Device mesh: DeviceMesh((dp_shard=3), 'cuda', stride=(1,))
[INFO|/scratch/e1507650/AnyOrderTraining/aomt/dFactory/VeOmni/veomni/distributed/parallel_state.py:605] 03/16/2026 12:39:51 >> ep FSDP device mesh: None
[INFO|/scratch/e1507650/AnyOrderTraining/aomt/dFactory/VeOmni/veomni/models/loader.py:65] 03/16/2026 12:39:54 >> [CONFIG] Force loading model config from Huggingface.
[WARNING|/scratch/e1507650/AnyOrderTraining/aomt/dFactory/VeOmni/veomni/models/auto.py:152] 03/16/2026 12:40:00 >> building foundation model with attn_implementation: sdpa.. you are missing sequence parallelism support. Please use veomni_flash_attention_2_with_sp or veomni_flash_attention_3_with_sp for SP.
[INFO|/scratch/e1507650/AnyOrderTraining/aomt/dFactory/VeOmni/veomni/models/loader.py:179] 03/16/2026 12:40:00 >> Loading model from Huggingface modeling.
init_device: cuda
empty_init: False
weights_path: ./weights/llada2-mini-merged
The repository ./weights/llada2-mini-merged contains custom code which must be executed to correctly load the model. You can inspect the repository content at /scratch/e1507650/AnyOrderTraining/aomt/weights/llada2-mini-merged .
 You can inspect the repository content at https://hf.co/./weights/llada2-mini-merged.
You can avoid this prompt in future by passing the argument `trust_remote_code=True`.

Do you wish to run the custom code? [y/N] The repository ./weights/llada2-mini-merged contains custom code which must be executed to correctly load the model. You can inspect the repository content at /scratch/e1507650/AnyOrderTraining/aomt/weights/llada2-mini-merged .
 You can inspect the repository content at https://hf.co/./weights/llada2-mini-merged.
You can avoid this prompt in future by passing the argument `trust_remote_code=True`.

Do you wish to run the custom code? [y/N] The repository ./weights/llada2-mini-merged contains custom code which must be executed to correctly load the model. You can inspect the repository content at /scratch/e1507650/AnyOrderTraining/aomt/weights/llada2-mini-merged .
 You can inspect the repository content at https://hf.co/./weights/llada2-mini-merged.
You can avoid this prompt in future by passing the argument `trust_remote_code=True`.

Do you wish to run the custom code? [y/N] [rank2]: Traceback (most recent call last):
[rank2]:   File "/scratch/e1507650/conda/envs/aomt/lib/python3.11/site-packages/transformers/dynamic_module_utils.py", line 724, in resolve_trust_remote_code
[rank2]:     answer = input(
[rank2]:              ^^^^^^
[rank2]:   File "/scratch/e1507650/conda/envs/aomt/lib/python3.11/site-packages/transformers/dynamic_module_utils.py", line 663, in _raise_timeout_error
[rank2]:     raise ValueError(
[rank2]: ValueError: Loading this model requires you to execute custom code contained in the model repository on your local machine. Please set the option `trust_remote_code=True` to permit loading of this model.

[rank2]: During handling of the above exception, another exception occurred:

[rank2]: Traceback (most recent call last):
[rank2]:   File "/scratch/e1507650/AnyOrderTraining/aomt/tasks/train_standard_sft.py", line 175, in <module>
[rank2]:     if __name__ == "__main__": main()
[rank2]:                                ^^^^^^
[rank2]:   File "/scratch/e1507650/AnyOrderTraining/aomt/tasks/train_standard_sft.py", line 107, in main
[rank2]:     model = build_foundation_model(weights_path=config["model"]["model_path"],
[rank2]:             ^^^^^^^^^^^^^^^^^^^^^^^^^^^^^^^^^^^^^^^^^^^^^^^^^^^^^^^^^^^^^^^^^^
[rank2]:   File "/scratch/e1507650/AnyOrderTraining/aomt/dFactory/VeOmni/veomni/models/auto.py", line 161, in build_foundation_model
[rank2]:     model = loader.load_model(
[rank2]:             ^^^^^^^^^^^^^^^^^^
[rank2]:   File "/scratch/e1507650/AnyOrderTraining/aomt/dFactory/VeOmni/veomni/models/loader.py", line 197, in load_model
[rank2]:     model = self.model_cls.from_config(**init_kwargs)
[rank2]:             ^^^^^^^^^^^^^^^^^^^^^^^^^^^^^^^^^^^^^^^^^
[rank2]:   File "/scratch/e1507650/conda/envs/aomt/lib/python3.11/site-packages/transformers/models/auto/auto_factory.py", line 217, in from_config
[rank2]:     trust_remote_code = resolve_trust_remote_code(
[rank2]:                         ^^^^^^^^^^^^^^^^^^^^^^^^^^
[rank2]:   File "/scratch/e1507650/conda/envs/aomt/lib/python3.11/site-packages/transformers/dynamic_module_utils.py", line 736, in resolve_trust_remote_code
[rank2]:     raise ValueError(
[rank2]: ValueError: The repository ./weights/llada2-mini-merged contains custom code which must be executed to correctly load the model. You can inspect the repository content at /scratch/e1507650/AnyOrderTraining/aomt/weights/llada2-mini-merged .
[rank2]:  You can inspect the repository content at https://hf.co/./weights/llada2-mini-merged.
[rank2]: Please pass the argument `trust_remote_code=True` to allow custom code to be run.
[rank0]: Traceback (most recent call last):
[rank0]:   File "/scratch/e1507650/conda/envs/aomt/lib/python3.11/site-packages/transformers/dynamic_module_utils.py", line 724, in resolve_trust_remote_code
[rank0]:     answer = input(
[rank0]:              ^^^^^^
[rank0]:   File "/scratch/e1507650/conda/envs/aomt/lib/python3.11/site-packages/transformers/dynamic_module_utils.py", line 663, in _raise_timeout_error
[rank0]:     raise ValueError(
[rank0]: ValueError: Loading this model requires you to execute custom code contained in the model repository on your local machine. Please set the option `trust_remote_code=True` to permit loading of this model.

[rank0]: During handling of the above exception, another exception occurred:

[rank0]: Traceback (most recent call last):
[rank0]:   File "/scratch/e1507650/AnyOrderTraining/aomt/tasks/train_standard_sft.py", line 175, in <module>
[rank0]:     if __name__ == "__main__": main()
[rank0]:                                ^^^^^^
[rank0]:   File "/scratch/e1507650/AnyOrderTraining/aomt/tasks/train_standard_sft.py", line 107, in main
[rank0]:     model = build_foundation_model(weights_path=config["model"]["model_path"],
[rank0]:             ^^^^^^^^^^^^^^^^^^^^^^^^^^^^^^^^^^^^^^^^^^^^^^^^^^^^^^^^^^^^^^^^^^
[rank0]:   File "/scratch/e1507650/AnyOrderTraining/aomt/dFactory/VeOmni/veomni/models/auto.py", line 161, in build_foundation_model
[rank0]:     model = loader.load_model(
[rank0]:             ^^^^^^^^^^^^^^^^^^
[rank0]:   File "/scratch/e1507650/AnyOrderTraining/aomt/dFactory/VeOmni/veomni/models/loader.py", line 197, in load_model
[rank0]:     model = self.model_cls.from_config(**init_kwargs)
[rank0]:             ^^^^^^^^^^^^^^^^^^^^^^^^^^^^^^^^^^^^^^^^^
[rank0]:   File "/scratch/e1507650/conda/envs/aomt/lib/python3.11/site-packages/transformers/models/auto/auto_factory.py", line 217, in from_config
[rank0]:     trust_remote_code = resolve_trust_remote_code(
[rank0]:                         ^^^^^^^^^^^^^^^^^^^^^^^^^^
[rank0]:   File "/scratch/e1507650/conda/envs/aomt/lib/python3.11/site-packages/transformers/dynamic_module_utils.py", line 736, in resolve_trust_remote_code
[rank0]:     raise ValueError(
[rank0]: ValueError: The repository ./weights/llada2-mini-merged contains custom code which must be executed to correctly load the model. You can inspect the repository content at /scratch/e1507650/AnyOrderTraining/aomt/weights/llada2-mini-merged .
[rank0]:  You can inspect the repository content at https://hf.co/./weights/llada2-mini-merged.
[rank0]: Please pass the argument `trust_remote_code=True` to allow custom code to be run.
[rank1]: Traceback (most recent call last):
[rank1]:   File "/scratch/e1507650/conda/envs/aomt/lib/python3.11/site-packages/transformers/dynamic_module_utils.py", line 724, in resolve_trust_remote_code
[rank1]:     answer = input(
[rank1]:              ^^^^^^
[rank1]:   File "/scratch/e1507650/conda/envs/aomt/lib/python3.11/site-packages/transformers/dynamic_module_utils.py", line 663, in _raise_timeout_error
[rank1]:     raise ValueError(
[rank1]: ValueError: Loading this model requires you to execute custom code contained in the model repository on your local machine. Please set the option `trust_remote_code=True` to permit loading of this model.

[rank1]: During handling of the above exception, another exception occurred:

[rank1]: Traceback (most recent call last):
[rank1]:   File "/scratch/e1507650/AnyOrderTraining/aomt/tasks/train_standard_sft.py", line 175, in <module>
[rank1]:     if __name__ == "__main__": main()
[rank1]:                                ^^^^^^
[rank1]:   File "/scratch/e1507650/AnyOrderTraining/aomt/tasks/train_standard_sft.py", line 107, in main
[rank1]:     model = build_foundation_model(weights_path=config["model"]["model_path"],
[rank1]:             ^^^^^^^^^^^^^^^^^^^^^^^^^^^^^^^^^^^^^^^^^^^^^^^^^^^^^^^^^^^^^^^^^^
[rank1]:   File "/scratch/e1507650/AnyOrderTraining/aomt/dFactory/VeOmni/veomni/models/auto.py", line 161, in build_foundation_model
[rank1]:     model = loader.load_model(
[rank1]:             ^^^^^^^^^^^^^^^^^^
[rank1]:   File "/scratch/e1507650/AnyOrderTraining/aomt/dFactory/VeOmni/veomni/models/loader.py", line 197, in load_model
[rank1]:     model = self.model_cls.from_config(**init_kwargs)
[rank1]:             ^^^^^^^^^^^^^^^^^^^^^^^^^^^^^^^^^^^^^^^^^
[rank1]:   File "/scratch/e1507650/conda/envs/aomt/lib/python3.11/site-packages/transformers/models/auto/auto_factory.py", line 217, in from_config
[rank1]:     trust_remote_code = resolve_trust_remote_code(
[rank1]:                         ^^^^^^^^^^^^^^^^^^^^^^^^^^
[rank1]:   File "/scratch/e1507650/conda/envs/aomt/lib/python3.11/site-packages/transformers/dynamic_module_utils.py", line 736, in resolve_trust_remote_code
[rank1]:     raise ValueError(
[rank1]: ValueError: The repository ./weights/llada2-mini-merged contains custom code which must be executed to correctly load the model. You can inspect the repository content at /scratch/e1507650/AnyOrderTraining/aomt/weights/llada2-mini-merged .
[rank1]:  You can inspect the repository content at https://hf.co/./weights/llada2-mini-merged.
[rank1]: Please pass the argument `trust_remote_code=True` to allow custom code to be run.
[rank0]:[W316 12:40:16.886555019 ProcessGroupNCCL.cpp:1553] Warning: WARNING: destroy_process_group() was not called before program exit, which can leak resources. For more info, please see https://pytorch.org/docs/stable/distributed.html#shutdown (function operator())
W0316 12:40:18.317000 849538 site-packages/torch/distributed/elastic/multiprocessing/api.py:1010] Sending process 849751 closing signal SIGTERM
E0316 12:40:18.554000 849538 site-packages/torch/distributed/elastic/multiprocessing/api.py:984] failed (exitcode: 1) local_rank: 0 (pid: 849750) of binary: /scratch/e1507650/conda/envs/aomt/bin/python3.11
Traceback (most recent call last):
  File "/scratch/e1507650/conda/envs/aomt/bin/torchrun", line 6, in <module>
    sys.exit(main())
             ^^^^^^
  File "/scratch/e1507650/conda/envs/aomt/lib/python3.11/site-packages/torch/distributed/elastic/multiprocessing/errors/__init__.py", line 362, in wrapper
    return f(*args, **kwargs)
           ^^^^^^^^^^^^^^^^^^
  File "/scratch/e1507650/conda/envs/aomt/lib/python3.11/site-packages/torch/distributed/run.py", line 991, in main
    run(args)
  File "/scratch/e1507650/conda/envs/aomt/lib/python3.11/site-packages/torch/distributed/run.py", line 982, in run
    elastic_launch(
  File "/scratch/e1507650/conda/envs/aomt/lib/python3.11/site-packages/torch/distributed/launcher/api.py", line 170, in __call__
    return launch_agent(self._config, self._entrypoint, list(args))
           ^^^^^^^^^^^^^^^^^^^^^^^^^^^^^^^^^^^^^^^^^^^^^^^^^^^^^^^^
  File "/scratch/e1507650/conda/envs/aomt/lib/python3.11/site-packages/torch/distributed/launcher/api.py", line 317, in launch_agent
    raise ChildFailedError(
torch.distributed.elastic.multiprocessing.errors.ChildFailedError: 
============================================================
tasks/train_standard_sft.py FAILED
------------------------------------------------------------
Failures:
[1]:
  time      : 2026-03-16_12:40:18
  host      : hopper-24.cm.cluster
  rank      : 2 (local_rank: 2)
  exitcode  : 1 (pid: 849752)
  error_file: <N/A>
  traceback : To enable traceback see: https://pytorch.org/docs/stable/elastic/errors.html
[2]:
  time      : 2026-03-16_12:40:18
  host      : hopper-24.cm.cluster
  rank      : 1 (local_rank: 1)
  exitcode  : 1 (pid: 849751)
  error_file: <N/A>
  traceback : To enable traceback see: https://pytorch.org/docs/stable/elastic/errors.html
------------------------------------------------------------
Root Cause (first observed failure):
[0]:
  time      : 2026-03-16_12:40:18
  host      : hopper-24.cm.cluster
  rank      : 0 (local_rank: 0)
  exitcode  : 1 (pid: 849750)
  error_file: <N/A>
  traceback : To enable traceback see: https://pytorch.org/docs/stable/elastic/errors.html
============================================================
